                :-) GROMACS - gmx mdrun, 2023.3-conda_forge (-:

Copyright 1991-2023 The GROMACS Authors.
GROMACS is free software; you can redistribute it and/or modify it
under the terms of the GNU Lesser General Public License
as published by the Free Software Foundation; either version 2.1
of the License, or (at your option) any later version.

                         Current GROMACS contributors:
       Mark Abraham           Andrey Alekseenko           Cathrine Bergh      
      Christian Blau            Eliane Briand             Mahesh Doijade      
    Stefan Fleischmann           Vytas Gapsys              Gaurav Garg        
      Sergey Gorelov         Gilles Gouaillardet            Alan Gray         
     M. Eric Irrgang         Farzaneh Jalalypour            Joe Jordan        
    Christoph Junghans        Prashanth Kanduri          Sebastian Keller     
     Carsten Kutzner           Justin A. Lemkul          Magnus Lundborg      
       Pascal Merz              Vedran Miletic            Dmitry Morozov      
       Szilard Pall             Roland Schulz             Michael Shirts      
     Alexey Shvetsov            Balint Soproni         David van der Spoel    
      Philip Turner             Carsten Uphoff           Alessandra Villa     
 Sebastian Wingbermuehle        Artem Zhmurov       

                         Previous GROMACS contributors:
        Emile Apol             Rossen Apostolov           James Barnett       
  Herman J.C. Berendsen          Par Bjelkmar           Viacheslav Bolnykh    
        Kevin Boyd            Aldert van Buuren          Carlo Camilloni      
     Rudi van Drunen            Anton Feenstra           Oliver Fleetwood     
     Gerrit Groenhof            Bert de Groot             Anca Hamuraru       
    Vincent Hindriksen          Victor Holanda           Aleksei Iupinov      
   Dimitrios Karkoulis           Peter Kasson             Sebastian Kehl      
        Jiri Kraus               Per Larsson              Viveca Lindahl      
      Erik Marklund           Pieter Meulenhoff           Teemu Murtola       
       Sander Pronk             Alfons Sijbers            Peter Tieleman      
       Jon Vincent             Teemu Virolainen         Christian Wennberg    
       Maarten Wolf       

                  Coordinated by the GROMACS project leaders:
                    Paul Bauer, Berk Hess, and Erik Lindahl

GROMACS:      gmx mdrun, version 2023.3-conda_forge
Executable:   /home/chris-vdb/anaconda3/envs/md-intro-tutorial/bin.AVX2_256/gmx
Data prefix:  /home/chris-vdb/anaconda3/envs/md-intro-tutorial
Working dir:  /home/chris-vdb/Computational-Chemistry/gromacs-tutorials/official-tutorial/md-intro-tutorial/md-intro-tutorial-main/1fjs-protein/nvt-equilibration
Process ID:   62515
Command line:
  gmx mdrun -ntmpi 1 -v -deffnm nvt

GROMACS version:    2023.3-conda_forge
Precision:          mixed
Memory model:       64 bit
MPI library:        thread_mpi
OpenMP support:     enabled (GMX_OPENMP_MAX_THREADS = 128)
GPU support:        OpenCL
NB cluster size:    8
SIMD instructions:  AVX2_256
CPU FFT library:    fftw-3.3.10-sse2-avx
GPU FFT library:    clFFT
Multi-GPU FFT:      none
RDTSCP usage:       disabled
TNG support:        enabled
Hwloc support:      disabled
Tracing support:    disabled
C compiler:         /home/conda/feedstock_root/build_artifacts/gromacs_1706169161266/_build_env/bin/x86_64-conda-linux-gnu-cc GNU 12.3.0
C compiler flags:   -fexcess-precision=fast -funroll-all-loops -mavx2 -mfma -Wno-missing-field-initializers -O3 -DNDEBUG
C++ compiler:       /home/conda/feedstock_root/build_artifacts/gromacs_1706169161266/_build_env/bin/x86_64-conda-linux-gnu-c++ GNU 12.3.0
C++ compiler flags: -fexcess-precision=fast -funroll-all-loops -mavx2 -mfma -Wno-missing-field-initializers -Wno-cast-function-type-strict SHELL:-fopenmp -O3 -DNDEBUG
BLAS library:       
LAPACK library:     
OpenCL include dir: /home/chris-vdb/anaconda3/envs/md-intro-tutorial/include
OpenCL library:     /home/chris-vdb/anaconda3/envs/md-intro-tutorial/lib/libOpenCL.so
OpenCL version:     3.0


Running on 1 node with total 8 cores, 16 processing units (GPU detection failed)
Hardware detected on host chris-B550-AORUS-ELITE-AX-V2:
  CPU info:
    Vendor: AMD
    Brand:  AMD Ryzen 7 5800X 8-Core Processor             
    Family: 25   Model: 33   Stepping: 0
    Features: aes amd apic avx avx2 clfsh cmov cx8 cx16 f16c fma htt lahf misalignsse mmx msr nonstop_tsc pclmuldq pdpe1gb popcnt pse rdrnd rdtscp sha sse2 sse3 sse4a sse4.1 sse4.2 ssse3 x2apic
  Hardware topology: Basic
    Packages, cores, and logical processors:
    [indices refer to OS logical processors]
      Package  0: [   0   8] [   1   9] [   2  10] [   3  11] [   4  12] [   5  13] [   6  14] [   7  15]
    CPU limit set by OS: -1   Recommended max number of threads: 16

The current CPU can measure timings more accurately than the code in
gmx mdrun was configured to use. This might affect your simulation
speed as accurate timings are needed for load-balancing.
Please consider rebuilding gmx mdrun with the GMX_USE_RDTSCP=ON CMake option.

++++ PLEASE READ AND CITE THE FOLLOWING REFERENCE ++++
M. J. Abraham, T. Murtola, R. Schulz, S. Páll, J. C. Smith, B. Hess, E.
Lindahl
GROMACS: High performance molecular simulations through multi-level
parallelism from laptops to supercomputers
SoftwareX 1 (2015) pp. 19-25
-------- -------- --- Thank You --- -------- --------


++++ PLEASE READ AND CITE THE FOLLOWING REFERENCE ++++
S. Páll, M. J. Abraham, C. Kutzner, B. Hess, E. Lindahl
Tackling Exascale Software Challenges in Molecular Dynamics Simulations with
GROMACS
In S. Markidis & E. Laure (Eds.), Solving Software Challenges for Exascale 8759 (2015) pp. 3-27
-------- -------- --- Thank You --- -------- --------


++++ PLEASE READ AND CITE THE FOLLOWING REFERENCE ++++
S. Pronk, S. Páll, R. Schulz, P. Larsson, P. Bjelkmar, R. Apostolov, M. R.
Shirts, J. C. Smith, P. M. Kasson, D. van der Spoel, B. Hess, and E. Lindahl
GROMACS 4.5: a high-throughput and highly parallel open source molecular
simulation toolkit
Bioinformatics 29 (2013) pp. 845-54
-------- -------- --- Thank You --- -------- --------


++++ PLEASE READ AND CITE THE FOLLOWING REFERENCE ++++
B. Hess and C. Kutzner and D. van der Spoel and E. Lindahl
GROMACS 4: Algorithms for highly efficient, load-balanced, and scalable
molecular simulation
J. Chem. Theory Comput. 4 (2008) pp. 435-447
-------- -------- --- Thank You --- -------- --------


++++ PLEASE READ AND CITE THE FOLLOWING REFERENCE ++++
D. van der Spoel, E. Lindahl, B. Hess, G. Groenhof, A. E. Mark and H. J. C.
Berendsen
GROMACS: Fast, Flexible and Free
J. Comp. Chem. 26 (2005) pp. 1701-1719
-------- -------- --- Thank You --- -------- --------


++++ PLEASE READ AND CITE THE FOLLOWING REFERENCE ++++
E. Lindahl and B. Hess and D. van der Spoel
GROMACS 3.0: A package for molecular simulation and trajectory analysis
J. Mol. Mod. 7 (2001) pp. 306-317
-------- -------- --- Thank You --- -------- --------


++++ PLEASE READ AND CITE THE FOLLOWING REFERENCE ++++
H. J. C. Berendsen, D. van der Spoel and R. van Drunen
GROMACS: A message-passing parallel molecular dynamics implementation
Comp. Phys. Comm. 91 (1995) pp. 43-56
-------- -------- --- Thank You --- -------- --------

Input Parameters:
   integrator                     = md
   tinit                          = 0
   dt                             = 0.002
   nsteps                         = 50000
   init-step                      = 0
   simulation-part                = 1
   mts                            = false
   comm-mode                      = Linear
   nstcomm                        = 100
   bd-fric                        = 0
   ld-seed                        = -302514485
   emtol                          = 10
   emstep                         = 0.01
   niter                          = 20
   fcstep                         = 0
   nstcgsteep                     = 1000
   nbfgscorr                      = 10
   rtpi                           = 0.05
   nstxout                        = 0
   nstvout                        = 0
   nstfout                        = 0
   nstlog                         = 1000
   nstcalcenergy                  = 100
   nstenergy                      = 500
   nstxout-compressed             = 0
   compressed-x-precision         = 1000
   cutoff-scheme                  = Verlet
   nstlist                        = 10
   pbc                            = xyz
   periodic-molecules             = false
   verlet-buffer-tolerance        = 0.005
   rlist                          = 1.2
   coulombtype                    = PME
   coulomb-modifier               = Potential-shift
   rcoulomb-switch                = 0
   rcoulomb                       = 1.2
   epsilon-r                      = 1
   epsilon-rf                     = inf
   vdw-type                       = Cut-off
   vdw-modifier                   = Force-switch
   rvdw-switch                    = 1
   rvdw                           = 1.2
   DispCorr                       = No
   table-extension                = 1
   fourierspacing                 = 0.15
   fourier-nx                     = 56
   fourier-ny                     = 56
   fourier-nz                     = 56
   pme-order                      = 4
   ewald-rtol                     = 1e-05
   ewald-rtol-lj                  = 0.001
   lj-pme-comb-rule               = Geometric
   ewald-geometry                 = 3d
   epsilon-surface                = 0
   ensemble-temperature-setting   = constant
   ensemble-temperature           = 300
   tcoupl                         = V-rescale
   nsttcouple                     = 100
   nh-chain-length                = 0
   print-nose-hoover-chain-variables = false
   pcoupl                         = No
   pcoupltype                     = Isotropic
   nstpcouple                     = -1
   tau-p                          = 1
   compressibility (3x3):
      compressibility[    0]={ 0.00000e+00,  0.00000e+00,  0.00000e+00}
      compressibility[    1]={ 0.00000e+00,  0.00000e+00,  0.00000e+00}
      compressibility[    2]={ 0.00000e+00,  0.00000e+00,  0.00000e+00}
   ref-p (3x3):
      ref-p[    0]={ 0.00000e+00,  0.00000e+00,  0.00000e+00}
      ref-p[    1]={ 0.00000e+00,  0.00000e+00,  0.00000e+00}
      ref-p[    2]={ 0.00000e+00,  0.00000e+00,  0.00000e+00}
   refcoord-scaling               = No
   posres-com (3):
      posres-com[0]= 0.00000e+00
      posres-com[1]= 0.00000e+00
      posres-com[2]= 0.00000e+00
   posres-comB (3):
      posres-comB[0]= 0.00000e+00
      posres-comB[1]= 0.00000e+00
      posres-comB[2]= 0.00000e+00
   QMMM                           = false
qm-opts:
   ngQM                           = 0
   constraint-algorithm           = Lincs
   continuation                   = false
   Shake-SOR                      = false
   shake-tol                      = 0.0001
   lincs-order                    = 4
   lincs-iter                     = 1
   lincs-warnangle                = 30
   nwall                          = 0
   wall-type                      = 9-3
   wall-r-linpot                  = -1
   wall-atomtype[0]               = -1
   wall-atomtype[1]               = -1
   wall-density[0]                = 0
   wall-density[1]                = 0
   wall-ewald-zfac                = 3
   pull                           = false
   awh                            = false
   rotation                       = false
   interactiveMD                  = false
   disre                          = No
   disre-weighting                = Conservative
   disre-mixed                    = false
   dr-fc                          = 1000
   dr-tau                         = 0
   nstdisreout                    = 100
   orire-fc                       = 0
   orire-tau                      = 0
   nstorireout                    = 100
   free-energy                    = no
   cos-acceleration               = 0
   deform (3x3):
      deform[    0]={ 0.00000e+00,  0.00000e+00,  0.00000e+00}
      deform[    1]={ 0.00000e+00,  0.00000e+00,  0.00000e+00}
      deform[    2]={ 0.00000e+00,  0.00000e+00,  0.00000e+00}
   simulated-tempering            = false
   swapcoords                     = no
   userint1                       = 0
   userint2                       = 0
   userint3                       = 0
   userint4                       = 0
   userreal1                      = 0
   userreal2                      = 0
   userreal3                      = 0
   userreal4                      = 0
   applied-forces:
     electric-field:
       x:
         E0                       = 0
         omega                    = 0
         t0                       = 0
         sigma                    = 0
       y:
         E0                       = 0
         omega                    = 0
         t0                       = 0
         sigma                    = 0
       z:
         E0                       = 0
         omega                    = 0
         t0                       = 0
         sigma                    = 0
     density-guided-simulation:
       active                     = false
       group                      = protein
       similarity-measure         = inner-product
       atom-spreading-weight      = unity
       force-constant             = 1e+09
       gaussian-transform-spreading-width = 0.2
       gaussian-transform-spreading-range-in-multiples-of-width = 4
       reference-density-filename = reference.mrc
       nst                        = 1
       normalize-densities        = true
       adaptive-force-scaling     = false
       adaptive-force-scaling-time-constant = 4
       shift-vector               = 
       transformation-matrix      = 
     qmmm-cp2k:
       active                     = false
       qmgroup                    = System
       qmmethod                   = PBE
       qmfilenames                = 
       qmcharge                   = 0
       qmmultiplicity             = 1
grpopts:
   nrdf:       81509
   ref-t:         300
   tau-t:           1
annealing:          No
annealing-npoints:           0
   acc:	           0           0           0
   nfreeze:           N           N           N
   energygrp-flags[  0]: 0

Changing nstlist from 10 to 80, rlist from 1.2 to 1.316


Initializing Domain Decomposition on 1 ranks
Dynamic load balancing: auto
Using update groups, nr 14015, average size 2.8 atoms, max. radius 0.139 nm
Minimum cell size due to atom displacement: 0.557 nm
Initial maximum distances in bonded interactions:
    two-body bonded interactions: 0.423 nm, LJ-14, atoms 2274 2282
  multi-body bonded interactions: 0.488 nm, CMAP Dih., atoms 1576 1602
Minimum cell size due to bonded interactions: 0.537 nm
Using 0 separate PME ranks because: there are too few total ranks for efficient splitting
Optimizing the DD grid for 1 cells with a minimum initial size of 0.557 nm
The maximum allowed number of cells is: X 12 Y 12 Z 10
Domain decomposition grid 1 x 1 x 1, separate PME ranks 0
PME domain decomposition: 1 x 1 x 1

The initial number of communication pulses is:
The initial domain decomposition cell size is:

The maximum allowed distance for atom groups involved in interactions is:
                 non-bonded interactions           1.594 nm
            two-body bonded interactions  (-rdd)   1.594 nm
          multi-body bonded interactions  (-rdd)   1.594 nm

When dynamic load balancing gets turned on, these settings will change to:
The maximum number of communication pulses is:
The minimum size for domain decomposition cells is 1.594 nm
The requested allowed shrink of DD cells (option -dds) is: 0.80
The allowed shrink of domain decomposition cells is:
The maximum allowed distance for atom groups involved in interactions is:
                 non-bonded interactions           1.594 nm
            two-body bonded interactions  (-rdd)   1.594 nm
          multi-body bonded interactions  (-rdd)   1.594 nm

Using 1 MPI thread
Using 16 OpenMP threads 

System total charge: 0.000
Will do PME sum in reciprocal space for electrostatic interactions.

++++ PLEASE READ AND CITE THE FOLLOWING REFERENCE ++++
U. Essmann, L. Perera, M. L. Berkowitz, T. Darden, H. Lee and L. G. Pedersen 
A smooth particle mesh Ewald method
J. Chem. Phys. 103 (1995) pp. 8577-8592
-------- -------- --- Thank You --- -------- --------

Using a Gaussian width (1/beta) of 0.384195 nm for Ewald
Potential shift: LJ r^-12: -2.648e-01 r^-6: -5.349e-01, Ewald -8.333e-06
Initialized non-bonded Coulomb Ewald tables, spacing: 1.02e-03 size: 1176

Generated table with 1158 data points for 1-4 COUL.
Tabscale = 500 points/nm
Generated table with 1158 data points for 1-4 LJ6.
Tabscale = 500 points/nm
Generated table with 1158 data points for 1-4 LJ12.
Tabscale = 500 points/nm


Using SIMD 4x8 nonbonded short-range kernels

Using a dual 4x8 pair-list setup updated with dynamic pruning:
  outer list: updated every 80 steps, buffer 0.116 nm, rlist 1.316 nm
  inner list: updated every 14 steps, buffer 0.003 nm, rlist 1.203 nm
At tolerance 0.005 kJ/mol/ps per atom, equivalent classical 1x1 list would be:
  outer list: updated every 80 steps, buffer 0.261 nm, rlist 1.461 nm
  inner list: updated every 14 steps, buffer 0.056 nm, rlist 1.256 nm

The non-bonded pair calculation algorithm tolerates a few missing pair interactions close to the cut-off. This can lead to a systematic overestimation of the pressure due to missing LJ interactions. The error in the average pressure due to missing LJ interactions is at most 0.17 bar.
The pressure error can be controlled by setting the environment variable GMX_VERLET_BUFFER_PRESSURE_TOLERANCE to the allowed error in units of bar.
Removing pbc first time

Linking all bonded interactions to atoms


Pinning threads with an auto-selected logical cpu stride of 1

Initializing LINear Constraint Solver

++++ PLEASE READ AND CITE THE FOLLOWING REFERENCE ++++
B. Hess and H. Bekker and H. J. C. Berendsen and J. G. E. M. Fraaije
LINCS: A Linear Constraint Solver for molecular simulations
J. Comp. Chem. 18 (1997) pp. 1463-1472
-------- -------- --- Thank You --- -------- --------

The number of constraints is 2179

++++ PLEASE READ AND CITE THE FOLLOWING REFERENCE ++++
S. Miyamoto and P. A. Kollman
SETTLE: An Analytical Version of the SHAKE and RATTLE Algorithms for Rigid
Water Models
J. Comp. Chem. 13 (1992) pp. 952-962
-------- -------- --- Thank You --- -------- --------


++++ PLEASE READ AND CITE THE FOLLOWING REFERENCE ++++
G. Bussi, D. Donadio and M. Parrinello
Canonical sampling through velocity rescaling
J. Chem. Phys. 126 (2007) pp. 014101
-------- -------- --- Thank You --- -------- --------

There are: 39600 Atoms
Atom distribution over 1 domains: av 39600 stddev 0 min 39600 max 39600

Constraining the starting coordinates (step 0)

Constraining the coordinates at t0-dt (step 0)
Center of mass motion removal mode is Linear
We have the following groups for center of mass motion removal:
  0:  rest
RMS relative constraint deviation after constraining: 3.09e-06
Initial temperature: 300.116 K

Started mdrun on rank 0 Tue Jun  4 22:21:21 2024

           Step           Time
              0        0.00000

   Energies (kJ/mol)
           Bond            U-B    Proper Dih.  Improper Dih.      CMAP Dih.
    9.10230e+02    3.06024e+03    5.42849e+03    1.54059e+02   -1.61370e+03
          LJ-14     Coulomb-14        LJ (SR)   Coulomb (SR)   Coul. recip.
    2.88624e+03    5.09034e+04    7.28397e+04   -7.53559e+05    3.39843e+03
 Position Rest.      Potential    Kinetic En.   Total Energy  Conserved En.
    1.11206e-03   -6.15592e+05    1.01723e+05   -5.13869e+05   -5.13869e+05
    Temperature Pressure (bar)   Constr. rmsd
    3.00200e+02   -3.60385e+03    3.07992e-06

           Step           Time
           1000        2.00000

   Energies (kJ/mol)
           Bond            U-B    Proper Dih.  Improper Dih.      CMAP Dih.
    2.85367e+03    8.36631e+03    6.19250e+03    4.80787e+02   -1.55568e+03
          LJ-14     Coulomb-14        LJ (SR)   Coulomb (SR)   Coul. recip.
    3.10868e+03    5.07076e+04    7.46841e+04   -7.03494e+05    1.85576e+03
 Position Rest.      Potential    Kinetic En.   Total Energy  Conserved En.
    1.13765e+03   -5.55662e+05    8.53568e+04   -4.70306e+05   -5.12723e+05
    Temperature Pressure (bar)   Constr. rmsd
    2.51900e+02   -4.05695e+02    2.33098e-06

           Step           Time
           2000        4.00000

   Energies (kJ/mol)
           Bond            U-B    Proper Dih.  Improper Dih.      CMAP Dih.
    3.09601e+03    8.87014e+03    6.35089e+03    5.87406e+02   -1.53880e+03
          LJ-14     Coulomb-14        LJ (SR)   Coulomb (SR)   Coul. recip.
    3.21764e+03    5.11933e+04    6.95085e+04   -6.85949e+05    1.89034e+03
 Position Rest.      Potential    Kinetic En.   Total Energy  Conserved En.
    1.19122e+03   -5.41582e+05    9.40097e+04   -4.47572e+05   -5.12744e+05
    Temperature Pressure (bar)   Constr. rmsd
    2.77436e+02   -5.70828e+02    2.65144e-06

           Step           Time
           3000        6.00000

   Energies (kJ/mol)
           Bond            U-B    Proper Dih.  Improper Dih.      CMAP Dih.
    3.38238e+03    9.53904e+03    6.48516e+03    5.89527e+02   -1.58404e+03
          LJ-14     Coulomb-14        LJ (SR)   Coulomb (SR)   Coul. recip.
    3.09750e+03    5.08960e+04    6.79341e+04   -6.77400e+05    2.03492e+03
 Position Rest.      Potential    Kinetic En.   Total Energy  Conserved En.
    1.19654e+03   -5.33828e+05    9.72444e+04   -4.36584e+05   -5.12717e+05
    Temperature Pressure (bar)   Constr. rmsd
    2.86982e+02    1.63728e+02    2.68640e-06

           Step           Time
           4000        8.00000

   Energies (kJ/mol)
           Bond            U-B    Proper Dih.  Improper Dih.      CMAP Dih.
    3.47389e+03    9.60919e+03    6.49036e+03    5.64409e+02   -1.53380e+03
          LJ-14     Coulomb-14        LJ (SR)   Coulomb (SR)   Coul. recip.
    3.17747e+03    5.06711e+04    6.53386e+04   -6.71647e+05    1.99246e+03
 Position Rest.      Potential    Kinetic En.   Total Energy  Conserved En.
    1.11782e+03   -5.30746e+05    9.89301e+04   -4.31816e+05   -5.12716e+05
    Temperature Pressure (bar)   Constr. rmsd
    2.91957e+02   -4.77465e+02    3.13334e-06

           Step           Time
           5000       10.00000

   Energies (kJ/mol)
           Bond            U-B    Proper Dih.  Improper Dih.      CMAP Dih.
    3.49027e+03    9.73946e+03    6.51565e+03    6.16547e+02   -1.53692e+03
          LJ-14     Coulomb-14        LJ (SR)   Coulomb (SR)   Coul. recip.
    3.19967e+03    5.04429e+04    6.51036e+04   -6.68962e+05    2.08488e+03
 Position Rest.      Potential    Kinetic En.   Total Energy  Conserved En.
    1.15547e+03   -5.28150e+05    1.00349e+05   -4.27801e+05   -5.12722e+05
    Temperature Pressure (bar)   Constr. rmsd
    2.96145e+02    2.66319e+02    2.89389e-06

           Step           Time
           6000       12.00000

   Energies (kJ/mol)
           Bond            U-B    Proper Dih.  Improper Dih.      CMAP Dih.
    3.42578e+03    9.59825e+03    6.45056e+03    5.85555e+02   -1.52382e+03
          LJ-14     Coulomb-14        LJ (SR)   Coulomb (SR)   Coul. recip.
    3.13477e+03    5.06362e+04    6.53626e+04   -6.68633e+05    2.04739e+03
 Position Rest.      Potential    Kinetic En.   Total Energy  Conserved En.
    1.13190e+03   -5.27784e+05    1.00771e+05   -4.27013e+05   -5.12751e+05
    Temperature Pressure (bar)   Constr. rmsd
    2.97389e+02   -3.15267e+01    3.17105e-06

           Step           Time
           7000       14.00000

   Energies (kJ/mol)
           Bond            U-B    Proper Dih.  Improper Dih.      CMAP Dih.
    3.48933e+03    9.49403e+03    6.52968e+03    5.46121e+02   -1.55772e+03
          LJ-14     Coulomb-14        LJ (SR)   Coulomb (SR)   Coul. recip.
    3.25593e+03    5.10104e+04    6.55708e+04   -6.68464e+05    2.06585e+03
 Position Rest.      Potential    Kinetic En.   Total Energy  Conserved En.
    1.13056e+03   -5.26929e+05    1.00987e+05   -4.25941e+05   -5.12702e+05
    Temperature Pressure (bar)   Constr. rmsd
    2.98028e+02   -1.76870e+02    3.09484e-06

           Step           Time
           8000       16.00000

   Energies (kJ/mol)
           Bond            U-B    Proper Dih.  Improper Dih.      CMAP Dih.
    3.70364e+03    9.75185e+03    6.38127e+03    5.50390e+02   -1.51995e+03
          LJ-14     Coulomb-14        LJ (SR)   Coulomb (SR)   Coul. recip.
    3.16000e+03    5.03954e+04    6.53023e+04   -6.67399e+05    2.11918e+03
 Position Rest.      Potential    Kinetic En.   Total Energy  Conserved En.
    1.08546e+03   -5.26470e+05    1.01249e+05   -4.25221e+05   -5.12697e+05
    Temperature Pressure (bar)   Constr. rmsd
    2.98800e+02   -3.04863e+02    2.97677e-06

           Step           Time
           9000       18.00000

   Energies (kJ/mol)
           Bond            U-B    Proper Dih.  Improper Dih.      CMAP Dih.
    3.59934e+03    9.58023e+03    6.55523e+03    6.08109e+02   -1.52398e+03
          LJ-14     Coulomb-14        LJ (SR)   Coulomb (SR)   Coul. recip.
    3.14544e+03    5.09114e+04    6.61312e+04   -6.69714e+05    2.02517e+03
 Position Rest.      Potential    Kinetic En.   Total Energy  Conserved En.
    1.16175e+03   -5.27520e+05    1.02005e+05   -4.25515e+05   -5.12683e+05
    Temperature Pressure (bar)   Constr. rmsd
    3.01032e+02    4.13246e+02    2.84875e-06

           Step           Time
          10000       20.00000

   Energies (kJ/mol)
           Bond            U-B    Proper Dih.  Improper Dih.      CMAP Dih.
    3.26791e+03    9.36499e+03    6.38208e+03    6.21505e+02   -1.52789e+03
          LJ-14     Coulomb-14        LJ (SR)   Coulomb (SR)   Coul. recip.
    3.28657e+03    5.07199e+04    6.41050e+04   -6.66270e+05    2.10440e+03
 Position Rest.      Potential    Kinetic En.   Total Energy  Conserved En.
    1.16323e+03   -5.26782e+05    1.02596e+05   -4.24187e+05   -5.12702e+05
    Temperature Pressure (bar)   Constr. rmsd
    3.02775e+02   -3.87685e+02    3.09153e-06

           Step           Time
          11000       22.00000

   Energies (kJ/mol)
           Bond            U-B    Proper Dih.  Improper Dih.      CMAP Dih.
    3.48002e+03    9.67089e+03    6.39749e+03    6.34002e+02   -1.48858e+03
          LJ-14     Coulomb-14        LJ (SR)   Coulomb (SR)   Coul. recip.
    3.27211e+03    5.07051e+04    6.49946e+04   -6.67729e+05    2.12348e+03
 Position Rest.      Potential    Kinetic En.   Total Energy  Conserved En.
    1.19084e+03   -5.26749e+05    1.01996e+05   -4.24753e+05   -5.12670e+05
    Temperature Pressure (bar)   Constr. rmsd
    3.01005e+02    2.38618e+01    3.04460e-06

           Step           Time
          12000       24.00000

   Energies (kJ/mol)
           Bond            U-B    Proper Dih.  Improper Dih.      CMAP Dih.
    3.45080e+03    9.46693e+03    6.37321e+03    5.23195e+02   -1.56943e+03
          LJ-14     Coulomb-14        LJ (SR)   Coulomb (SR)   Coul. recip.
    3.21386e+03    5.06715e+04    6.60593e+04   -6.68388e+05    2.03678e+03
 Position Rest.      Potential    Kinetic En.   Total Energy  Conserved En.
    1.15501e+03   -5.27007e+05    1.01240e+05   -4.25768e+05   -5.12665e+05
    Temperature Pressure (bar)   Constr. rmsd
    2.98773e+02   -1.64632e+02    2.98689e-06

           Step           Time
          13000       26.00000

   Energies (kJ/mol)
           Bond            U-B    Proper Dih.  Improper Dih.      CMAP Dih.
    3.53876e+03    9.75583e+03    6.45364e+03    5.77921e+02   -1.46166e+03
          LJ-14     Coulomb-14        LJ (SR)   Coulomb (SR)   Coul. recip.
    3.24885e+03    5.09008e+04    6.54783e+04   -6.69144e+05    1.99071e+03
 Position Rest.      Potential    Kinetic En.   Total Energy  Conserved En.
    1.14235e+03   -5.27518e+05    1.02067e+05   -4.25451e+05   -5.12614e+05
    Temperature Pressure (bar)   Constr. rmsd
    3.01214e+02    2.87915e+02    3.01603e-06

           Step           Time
          14000       28.00000

   Energies (kJ/mol)
           Bond            U-B    Proper Dih.  Improper Dih.      CMAP Dih.
    3.48843e+03    9.81728e+03    6.35857e+03    6.40997e+02   -1.49175e+03
          LJ-14     Coulomb-14        LJ (SR)   Coulomb (SR)   Coul. recip.
    3.18934e+03    5.06628e+04    6.61702e+04   -6.69551e+05    2.03261e+03
 Position Rest.      Potential    Kinetic En.   Total Energy  Conserved En.
    1.22488e+03   -5.27458e+05    1.01187e+05   -4.26270e+05   -5.12609e+05
    Temperature Pressure (bar)   Constr. rmsd
    2.98619e+02   -1.59446e+02    3.07284e-06

           Step           Time
          15000       30.00000

   Energies (kJ/mol)
           Bond            U-B    Proper Dih.  Improper Dih.      CMAP Dih.
    3.66410e+03    9.96479e+03    6.47445e+03    5.91463e+02   -1.57491e+03
          LJ-14     Coulomb-14        LJ (SR)   Coulomb (SR)   Coul. recip.
    3.22291e+03    5.05609e+04    6.53420e+04   -6.69085e+05    2.02942e+03
 Position Rest.      Potential    Kinetic En.   Total Energy  Conserved En.
    1.17858e+03   -5.27632e+05    1.01651e+05   -4.25980e+05   -5.12582e+05
    Temperature Pressure (bar)   Constr. rmsd
    2.99988e+02    3.26606e+02    3.10164e-06

           Step           Time
          16000       32.00000

   Energies (kJ/mol)
           Bond            U-B    Proper Dih.  Improper Dih.      CMAP Dih.
    3.69661e+03    9.91236e+03    6.36733e+03    5.52444e+02   -1.49527e+03
          LJ-14     Coulomb-14        LJ (SR)   Coulomb (SR)   Coul. recip.
    3.23281e+03    5.09265e+04    6.62440e+04   -6.69775e+05    2.04003e+03
 Position Rest.      Potential    Kinetic En.   Total Energy  Conserved En.
    1.09237e+03   -5.27206e+05    1.00505e+05   -4.26701e+05   -5.12559e+05
    Temperature Pressure (bar)   Constr. rmsd
    2.96604e+02   -2.15453e+02    3.14710e-06

           Step           Time
          17000       34.00000

   Energies (kJ/mol)
           Bond            U-B    Proper Dih.  Improper Dih.      CMAP Dih.
    3.63932e+03    9.99349e+03    6.41043e+03    6.33439e+02   -1.56436e+03
          LJ-14     Coulomb-14        LJ (SR)   Coulomb (SR)   Coul. recip.
    3.23878e+03    5.06107e+04    6.54415e+04   -6.69261e+05    2.00472e+03
 Position Rest.      Potential    Kinetic En.   Total Energy  Conserved En.
    1.07017e+03   -5.27783e+05    1.01501e+05   -4.26281e+05   -5.12579e+05
    Temperature Pressure (bar)   Constr. rmsd
    2.99545e+02   -3.41487e+01    3.18001e-06

           Step           Time
          18000       36.00000

   Energies (kJ/mol)
           Bond            U-B    Proper Dih.  Improper Dih.      CMAP Dih.
    3.47196e+03    1.01262e+04    6.40796e+03    5.98600e+02   -1.55907e+03
          LJ-14     Coulomb-14        LJ (SR)   Coulomb (SR)   Coul. recip.
    3.20110e+03    5.07732e+04    6.45575e+04   -6.68624e+05    2.08531e+03
 Position Rest.      Potential    Kinetic En.   Total Energy  Conserved En.
    1.15034e+03   -5.27810e+05    1.02468e+05   -4.25342e+05   -5.12571e+05
    Temperature Pressure (bar)   Constr. rmsd
    3.02399e+02    4.16896e+01    2.97883e-06

           Step           Time
          19000       38.00000

   Energies (kJ/mol)
           Bond            U-B    Proper Dih.  Improper Dih.      CMAP Dih.
    3.43442e+03    9.77083e+03    6.57245e+03    5.99961e+02   -1.51418e+03
          LJ-14     Coulomb-14        LJ (SR)   Coulomb (SR)   Coul. recip.
    3.15047e+03    5.07445e+04    6.51830e+04   -6.68063e+05    2.10325e+03
 Position Rest.      Potential    Kinetic En.   Total Energy  Conserved En.
    1.17254e+03   -5.26845e+05    1.01470e+05   -4.25376e+05   -5.12566e+05
    Temperature Pressure (bar)   Constr. rmsd
    2.99452e+02   -1.61567e+02    3.06278e-06

           Step           Time
          20000       40.00000

   Energies (kJ/mol)
           Bond            U-B    Proper Dih.  Improper Dih.      CMAP Dih.
    3.47250e+03    1.00730e+04    6.49511e+03    5.87406e+02   -1.56067e+03
          LJ-14     Coulomb-14        LJ (SR)   Coulomb (SR)   Coul. recip.
    3.20245e+03    5.07118e+04    6.43104e+04   -6.66648e+05    2.08912e+03
 Position Rest.      Potential    Kinetic En.   Total Energy  Conserved En.
    1.16095e+03   -5.26106e+05    1.01768e+05   -4.24338e+05   -5.12556e+05
    Temperature Pressure (bar)   Constr. rmsd
    3.00332e+02   -5.88657e+02    3.08416e-06

           Step           Time
          21000       42.00000

   Energies (kJ/mol)
           Bond            U-B    Proper Dih.  Improper Dih.      CMAP Dih.
    3.58632e+03    9.97865e+03    6.38063e+03    5.52983e+02   -1.49740e+03
          LJ-14     Coulomb-14        LJ (SR)   Coulomb (SR)   Coul. recip.
    3.35415e+03    5.10614e+04    6.55782e+04   -6.68670e+05    2.03989e+03
 Position Rest.      Potential    Kinetic En.   Total Energy  Conserved En.
    1.18718e+03   -5.26448e+05    1.02791e+05   -4.23657e+05   -5.12539e+05
    Temperature Pressure (bar)   Constr. rmsd
    3.03351e+02    2.19527e+02    2.96717e-06

           Step           Time
          22000       44.00000

   Energies (kJ/mol)
           Bond            U-B    Proper Dih.  Improper Dih.      CMAP Dih.
    3.49979e+03    9.87724e+03    6.49292e+03    6.72291e+02   -1.49993e+03
          LJ-14     Coulomb-14        LJ (SR)   Coulomb (SR)   Coul. recip.
    3.18594e+03    5.06175e+04    6.65949e+04   -6.69470e+05    2.13568e+03
 Position Rest.      Potential    Kinetic En.   Total Energy  Conserved En.
    1.16773e+03   -5.26726e+05    1.02045e+05   -4.24681e+05   -5.12526e+05
    Temperature Pressure (bar)   Constr. rmsd
    3.01149e+02    1.09848e+02    3.28807e-06

           Step           Time
          23000       46.00000

   Energies (kJ/mol)
           Bond            U-B    Proper Dih.  Improper Dih.      CMAP Dih.
    3.68293e+03    9.80339e+03    6.24847e+03    6.32175e+02   -1.50009e+03
          LJ-14     Coulomb-14        LJ (SR)   Coulomb (SR)   Coul. recip.
    3.12225e+03    5.08130e+04    6.47506e+04   -6.67863e+05    2.11428e+03
 Position Rest.      Potential    Kinetic En.   Total Energy  Conserved En.
    1.14810e+03   -5.27048e+05    1.01660e+05   -4.25388e+05   -5.12520e+05
    Temperature Pressure (bar)   Constr. rmsd
    3.00014e+02   -2.61792e+02    3.21711e-06

           Step           Time
          24000       48.00000

   Energies (kJ/mol)
           Bond            U-B    Proper Dih.  Improper Dih.      CMAP Dih.
    3.52086e+03    9.84270e+03    6.31868e+03    5.98485e+02   -1.51353e+03
          LJ-14     Coulomb-14        LJ (SR)   Coulomb (SR)   Coul. recip.
    3.22062e+03    5.07166e+04    6.49459e+04   -6.67929e+05    2.08469e+03
 Position Rest.      Potential    Kinetic En.   Total Energy  Conserved En.
    1.13644e+03   -5.27057e+05    1.02182e+05   -4.24875e+05   -5.12517e+05
    Temperature Pressure (bar)   Constr. rmsd
    3.01554e+02   -1.34368e+02    3.12010e-06

           Step           Time
          25000       50.00000

   Energies (kJ/mol)
           Bond            U-B    Proper Dih.  Improper Dih.      CMAP Dih.
    3.49983e+03    9.40638e+03    6.37859e+03    7.01650e+02   -1.53345e+03
          LJ-14     Coulomb-14        LJ (SR)   Coulomb (SR)   Coul. recip.
    3.32483e+03    5.09982e+04    6.54367e+04   -6.67753e+05    2.06676e+03
 Position Rest.      Potential    Kinetic En.   Total Energy  Conserved En.
    1.14499e+03   -5.26328e+05    1.01152e+05   -4.25177e+05   -5.12518e+05
    Temperature Pressure (bar)   Constr. rmsd
    2.98513e+02    9.74805e+01    3.36376e-06

           Step           Time
          26000       52.00000

   Energies (kJ/mol)
           Bond            U-B    Proper Dih.  Improper Dih.      CMAP Dih.
    3.63135e+03    9.85753e+03    6.44709e+03    6.11517e+02   -1.52185e+03
          LJ-14     Coulomb-14        LJ (SR)   Coulomb (SR)   Coul. recip.
    3.19590e+03    5.06496e+04    6.53337e+04   -6.68110e+05    2.08696e+03
 Position Rest.      Potential    Kinetic En.   Total Energy  Conserved En.
    1.20394e+03   -5.26614e+05    1.01461e+05   -4.25153e+05   -5.12484e+05
    Temperature Pressure (bar)   Constr. rmsd
    2.99425e+02   -9.69483e+01    3.10141e-06

           Step           Time
          27000       54.00000

   Energies (kJ/mol)
           Bond            U-B    Proper Dih.  Improper Dih.      CMAP Dih.
    3.41456e+03    9.82058e+03    6.44685e+03    6.43234e+02   -1.57613e+03
          LJ-14     Coulomb-14        LJ (SR)   Coulomb (SR)   Coul. recip.
    3.31512e+03    5.07311e+04    6.50490e+04   -6.67644e+05    2.13117e+03
 Position Rest.      Potential    Kinetic En.   Total Energy  Conserved En.
    1.09131e+03   -5.26577e+05    1.02160e+05   -4.24417e+05   -5.12488e+05
    Temperature Pressure (bar)   Constr. rmsd
    3.01489e+02   -1.76431e+02    3.16175e-06

           Step           Time
          28000       56.00000

   Energies (kJ/mol)
           Bond            U-B    Proper Dih.  Improper Dih.      CMAP Dih.
    3.66654e+03    9.81168e+03    6.39472e+03    6.34533e+02   -1.54098e+03
          LJ-14     Coulomb-14        LJ (SR)   Coulomb (SR)   Coul. recip.
    3.16516e+03    5.08071e+04    6.59637e+04   -6.69424e+05    2.02918e+03
 Position Rest.      Potential    Kinetic En.   Total Energy  Conserved En.
    1.12744e+03   -5.27365e+05    1.03090e+05   -4.24275e+05   -5.12467e+05
    Temperature Pressure (bar)   Constr. rmsd
    3.04233e+02   -9.33077e+01    3.17754e-06

           Step           Time
          29000       58.00000

   Energies (kJ/mol)
           Bond            U-B    Proper Dih.  Improper Dih.      CMAP Dih.
    3.53133e+03    9.85665e+03    6.37069e+03    5.88445e+02   -1.55639e+03
          LJ-14     Coulomb-14        LJ (SR)   Coulomb (SR)   Coul. recip.
    3.24118e+03    5.07031e+04    6.56627e+04   -6.68789e+05    2.04664e+03
 Position Rest.      Potential    Kinetic En.   Total Energy  Conserved En.
    1.14188e+03   -5.27203e+05    1.02433e+05   -4.24770e+05   -5.12458e+05
    Temperature Pressure (bar)   Constr. rmsd
    3.02294e+02   -2.92808e+02    3.20566e-06

           Step           Time
          30000       60.00000

   Energies (kJ/mol)
           Bond            U-B    Proper Dih.  Improper Dih.      CMAP Dih.
    3.71771e+03    9.83408e+03    6.42915e+03    5.35864e+02   -1.56591e+03
          LJ-14     Coulomb-14        LJ (SR)   Coulomb (SR)   Coul. recip.
    3.20643e+03    5.06587e+04    6.42067e+04   -6.66635e+05    2.09859e+03
 Position Rest.      Potential    Kinetic En.   Total Energy  Conserved En.
    1.15850e+03   -5.26355e+05    1.01959e+05   -4.24396e+05   -5.12450e+05
    Temperature Pressure (bar)   Constr. rmsd
    3.00895e+02    2.42662e+02    3.11110e-06

           Step           Time
          31000       62.00000

   Energies (kJ/mol)
           Bond            U-B    Proper Dih.  Improper Dih.      CMAP Dih.
    3.50547e+03    9.79944e+03    6.38092e+03    6.11594e+02   -1.54819e+03
          LJ-14     Coulomb-14        LJ (SR)   Coulomb (SR)   Coul. recip.
    3.22810e+03    5.07622e+04    6.56868e+04   -6.68195e+05    2.11149e+03
 Position Rest.      Potential    Kinetic En.   Total Energy  Conserved En.
    1.11890e+03   -5.26538e+05    1.01158e+05   -4.25381e+05   -5.12452e+05
    Temperature Pressure (bar)   Constr. rmsd
    2.98530e+02   -1.92431e+02    3.13395e-06

           Step           Time
          32000       64.00000

   Energies (kJ/mol)
           Bond            U-B    Proper Dih.  Improper Dih.      CMAP Dih.
    3.56050e+03    9.67746e+03    6.53698e+03    6.34779e+02   -1.52387e+03
          LJ-14     Coulomb-14        LJ (SR)   Coulomb (SR)   Coul. recip.
    3.23025e+03    5.10521e+04    6.48740e+04   -6.67878e+05    2.08161e+03
 Position Rest.      Potential    Kinetic En.   Total Energy  Conserved En.
    1.06038e+03   -5.26694e+05    1.01062e+05   -4.25632e+05   -5.12439e+05
    Temperature Pressure (bar)   Constr. rmsd
    2.98247e+02    2.60164e+02    3.04998e-06

           Step           Time
          33000       66.00000

   Energies (kJ/mol)
           Bond            U-B    Proper Dih.  Improper Dih.      CMAP Dih.
    3.41724e+03    1.01980e+04    6.36862e+03    5.94889e+02   -1.55037e+03
          LJ-14     Coulomb-14        LJ (SR)   Coulomb (SR)   Coul. recip.
    3.14871e+03    5.06547e+04    6.49085e+04   -6.66807e+05    2.02833e+03
 Position Rest.      Potential    Kinetic En.   Total Energy  Conserved En.
    1.04908e+03   -5.25989e+05    1.01668e+05   -4.24321e+05   -5.12401e+05
    Temperature Pressure (bar)   Constr. rmsd
    3.00037e+02   -1.30120e+02    3.10087e-06

           Step           Time
          34000       68.00000

   Energies (kJ/mol)
           Bond            U-B    Proper Dih.  Improper Dih.      CMAP Dih.
    3.51106e+03    9.61717e+03    6.54006e+03    6.39472e+02   -1.58714e+03
          LJ-14     Coulomb-14        LJ (SR)   Coulomb (SR)   Coul. recip.
    3.11403e+03    5.06518e+04    6.64241e+04   -6.69422e+05    2.05332e+03
 Position Rest.      Potential    Kinetic En.   Total Energy  Conserved En.
    1.08757e+03   -5.27371e+05    1.01479e+05   -4.25891e+05   -5.12417e+05
    Temperature Pressure (bar)   Constr. rmsd
    2.99480e+02   -1.88784e+02    3.23697e-06

           Step           Time
          35000       70.00000

   Energies (kJ/mol)
           Bond            U-B    Proper Dih.  Improper Dih.      CMAP Dih.
    3.62734e+03    9.51161e+03    6.32792e+03    5.69234e+02   -1.48228e+03
          LJ-14     Coulomb-14        LJ (SR)   Coulomb (SR)   Coul. recip.
    3.26217e+03    5.06917e+04    6.54848e+04   -6.67525e+05    2.15112e+03
 Position Rest.      Potential    Kinetic En.   Total Energy  Conserved En.
    1.05030e+03   -5.26331e+05    1.00511e+05   -4.25820e+05   -5.12384e+05
    Temperature Pressure (bar)   Constr. rmsd
    2.96622e+02    1.02742e+01    3.08057e-06

           Step           Time
          36000       72.00000

   Energies (kJ/mol)
           Bond            U-B    Proper Dih.  Improper Dih.      CMAP Dih.
    3.56029e+03    9.82920e+03    6.51341e+03    6.77504e+02   -1.54243e+03
          LJ-14     Coulomb-14        LJ (SR)   Coulomb (SR)   Coul. recip.
    3.23331e+03    5.06829e+04    6.50065e+04   -6.67098e+05    2.02437e+03
 Position Rest.      Potential    Kinetic En.   Total Energy  Conserved En.
    1.14512e+03   -5.25968e+05    1.00889e+05   -4.25079e+05   -5.12371e+05
    Temperature Pressure (bar)   Constr. rmsd
    2.97737e+02   -5.64914e+01    3.13381e-06

           Step           Time
          37000       74.00000

   Energies (kJ/mol)
           Bond            U-B    Proper Dih.  Improper Dih.      CMAP Dih.
    3.47702e+03    9.87431e+03    6.39437e+03    6.16709e+02   -1.55827e+03
          LJ-14     Coulomb-14        LJ (SR)   Coulomb (SR)   Coul. recip.
    3.15830e+03    5.05527e+04    6.57304e+04   -6.67298e+05    2.09470e+03
 Position Rest.      Potential    Kinetic En.   Total Energy  Conserved En.
    1.13839e+03   -5.25819e+05    1.01226e+05   -4.24593e+05   -5.12373e+05
    Temperature Pressure (bar)   Constr. rmsd
    2.98732e+02    2.55050e+02    3.03176e-06

           Step           Time
          38000       76.00000

   Energies (kJ/mol)
           Bond            U-B    Proper Dih.  Improper Dih.      CMAP Dih.
    3.46399e+03    9.71777e+03    6.40723e+03    6.15615e+02   -1.51882e+03
          LJ-14     Coulomb-14        LJ (SR)   Coulomb (SR)   Coul. recip.
    3.19040e+03    5.06417e+04    6.52432e+04   -6.66751e+05    2.07471e+03
 Position Rest.      Potential    Kinetic En.   Total Energy  Conserved En.
    1.15370e+03   -5.25762e+05    1.00768e+05   -4.24994e+05   -5.12354e+05
    Temperature Pressure (bar)   Constr. rmsd
    2.97380e+02   -1.22993e+01    3.01064e-06

           Step           Time
          39000       78.00000

   Energies (kJ/mol)
           Bond            U-B    Proper Dih.  Improper Dih.      CMAP Dih.
    3.41510e+03    9.63420e+03    6.48091e+03    6.49861e+02   -1.58073e+03
          LJ-14     Coulomb-14        LJ (SR)   Coulomb (SR)   Coul. recip.
    3.19707e+03    5.06829e+04    6.49563e+04   -6.66536e+05    2.09280e+03
 Position Rest.      Potential    Kinetic En.   Total Energy  Conserved En.
    1.12212e+03   -5.25886e+05    1.00624e+05   -4.25261e+05   -5.12353e+05
    Temperature Pressure (bar)   Constr. rmsd
    2.96957e+02    5.41061e+01    3.02784e-06

           Step           Time
          40000       80.00000

   Energies (kJ/mol)
           Bond            U-B    Proper Dih.  Improper Dih.      CMAP Dih.
    3.35361e+03    9.63163e+03    6.36637e+03    5.87147e+02   -1.60052e+03
          LJ-14     Coulomb-14        LJ (SR)   Coulomb (SR)   Coul. recip.
    3.21488e+03    5.10538e+04    6.58864e+04   -6.68244e+05    2.04920e+03
 Position Rest.      Potential    Kinetic En.   Total Energy  Conserved En.
    1.11116e+03   -5.26590e+05    1.00953e+05   -4.25637e+05   -5.12354e+05
    Temperature Pressure (bar)   Constr. rmsd
    2.97926e+02   -4.40492e+02    2.83656e-06

           Step           Time
          41000       82.00000

   Energies (kJ/mol)
           Bond            U-B    Proper Dih.  Improper Dih.      CMAP Dih.
    3.52058e+03    9.55591e+03    6.51729e+03    5.80853e+02   -1.61181e+03
          LJ-14     Coulomb-14        LJ (SR)   Coulomb (SR)   Coul. recip.
    3.24233e+03    5.08963e+04    6.53027e+04   -6.67705e+05    2.05193e+03
 Position Rest.      Potential    Kinetic En.   Total Energy  Conserved En.
    1.19496e+03   -5.26454e+05    1.02134e+05   -4.24320e+05   -5.12349e+05
    Temperature Pressure (bar)   Constr. rmsd
    3.01411e+02    4.95163e+01    3.04731e-06

           Step           Time
          42000       84.00000

   Energies (kJ/mol)
           Bond            U-B    Proper Dih.  Improper Dih.      CMAP Dih.
    3.54817e+03    9.75409e+03    6.40514e+03    5.69525e+02   -1.54429e+03
          LJ-14     Coulomb-14        LJ (SR)   Coulomb (SR)   Coul. recip.
    3.14356e+03    5.07418e+04    6.46824e+04   -6.66836e+05    2.06222e+03
 Position Rest.      Potential    Kinetic En.   Total Energy  Conserved En.
    1.10115e+03   -5.26372e+05    1.01735e+05   -4.24638e+05   -5.12326e+05
    Temperature Pressure (bar)   Constr. rmsd
    3.00234e+02   -3.41804e+02    2.96758e-06

           Step           Time
          43000       86.00000

   Energies (kJ/mol)
           Bond            U-B    Proper Dih.  Improper Dih.      CMAP Dih.
    3.37878e+03    9.80912e+03    6.42767e+03    5.72179e+02   -1.50960e+03
          LJ-14     Coulomb-14        LJ (SR)   Coulomb (SR)   Coul. recip.
    3.24584e+03    5.07944e+04    6.51656e+04   -6.69104e+05    2.09425e+03
 Position Rest.      Potential    Kinetic En.   Total Energy  Conserved En.
    1.14566e+03   -5.27980e+05    1.01209e+05   -4.26771e+05   -5.12310e+05
    Temperature Pressure (bar)   Constr. rmsd
    2.98682e+02   -4.49172e+02    3.03755e-06

           Step           Time
          44000       88.00000

   Energies (kJ/mol)
           Bond            U-B    Proper Dih.  Improper Dih.      CMAP Dih.
    3.51847e+03    9.82005e+03    6.40177e+03    6.13976e+02   -1.58841e+03
          LJ-14     Coulomb-14        LJ (SR)   Coulomb (SR)   Coul. recip.
    3.15412e+03    5.03048e+04    6.58791e+04   -6.68043e+05    2.01415e+03
 Position Rest.      Potential    Kinetic En.   Total Energy  Conserved En.
    1.07140e+03   -5.26854e+05    1.00796e+05   -4.26058e+05   -5.12296e+05
    Temperature Pressure (bar)   Constr. rmsd
    2.97465e+02    4.54347e+02    3.02621e-06

           Step           Time
          45000       90.00000

   Energies (kJ/mol)
           Bond            U-B    Proper Dih.  Improper Dih.      CMAP Dih.
    3.54354e+03    9.67680e+03    6.34740e+03    6.73242e+02   -1.52491e+03
          LJ-14     Coulomb-14        LJ (SR)   Coulomb (SR)   Coul. recip.
    3.22752e+03    5.08818e+04    6.53030e+04   -6.68155e+05    2.15392e+03
 Position Rest.      Potential    Kinetic En.   Total Energy  Conserved En.
    1.17602e+03   -5.26697e+05    1.01726e+05   -4.24971e+05   -5.12283e+05
    Temperature Pressure (bar)   Constr. rmsd
    3.00208e+02    2.67029e+02    3.14412e-06

           Step           Time
          46000       92.00000

   Energies (kJ/mol)
           Bond            U-B    Proper Dih.  Improper Dih.      CMAP Dih.
    3.42579e+03    9.90519e+03    6.43099e+03    6.25391e+02   -1.53156e+03
          LJ-14     Coulomb-14        LJ (SR)   Coulomb (SR)   Coul. recip.
    3.18960e+03    5.05895e+04    6.50297e+04   -6.67626e+05    2.09431e+03
 Position Rest.      Potential    Kinetic En.   Total Energy  Conserved En.
    1.12079e+03   -5.26747e+05    1.01234e+05   -4.25513e+05   -5.12290e+05
    Temperature Pressure (bar)   Constr. rmsd
    2.98756e+02    1.14249e+02    3.04727e-06

           Step           Time
          47000       94.00000

   Energies (kJ/mol)
           Bond            U-B    Proper Dih.  Improper Dih.      CMAP Dih.
    3.43521e+03    1.00124e+04    6.46883e+03    6.53600e+02   -1.51644e+03
          LJ-14     Coulomb-14        LJ (SR)   Coulomb (SR)   Coul. recip.
    3.12314e+03    5.07677e+04    6.50455e+04   -6.67935e+05    2.07921e+03
 Position Rest.      Potential    Kinetic En.   Total Energy  Conserved En.
    1.06200e+03   -5.26804e+05    1.02319e+05   -4.24485e+05   -5.12277e+05
    Temperature Pressure (bar)   Constr. rmsd
    3.01958e+02   -1.73532e+02    3.00372e-06

           Step           Time
          48000       96.00000

   Energies (kJ/mol)
           Bond            U-B    Proper Dih.  Improper Dih.      CMAP Dih.
    3.49182e+03    9.92014e+03    6.45509e+03    6.01616e+02   -1.56341e+03
          LJ-14     Coulomb-14        LJ (SR)   Coulomb (SR)   Coul. recip.
    3.25670e+03    5.07710e+04    6.48704e+04   -6.66754e+05    2.07331e+03
 Position Rest.      Potential    Kinetic En.   Total Energy  Conserved En.
    1.08238e+03   -5.25795e+05    1.01044e+05   -4.24751e+05   -5.12272e+05
    Temperature Pressure (bar)   Constr. rmsd
    2.98196e+02    5.04581e+01    2.86945e-06

           Step           Time
          49000       98.00000

   Energies (kJ/mol)
           Bond            U-B    Proper Dih.  Improper Dih.      CMAP Dih.
    3.48998e+03    9.90583e+03    6.43431e+03    5.85001e+02   -1.57911e+03
          LJ-14     Coulomb-14        LJ (SR)   Coulomb (SR)   Coul. recip.
    3.15284e+03    5.07666e+04    6.60762e+04   -6.69348e+05    2.03736e+03
 Position Rest.      Potential    Kinetic En.   Total Energy  Conserved En.
    1.12182e+03   -5.27357e+05    1.01783e+05   -4.25574e+05   -5.12277e+05
    Temperature Pressure (bar)   Constr. rmsd
    3.00375e+02    3.55504e+02    3.16797e-06

           Step           Time
          50000      100.00000

Writing checkpoint, step 50000 at Tue Jun  4 22:25:42 2024


   Energies (kJ/mol)
           Bond            U-B    Proper Dih.  Improper Dih.      CMAP Dih.
    3.59261e+03    9.95782e+03    6.36210e+03    6.54704e+02   -1.47709e+03
          LJ-14     Coulomb-14        LJ (SR)   Coulomb (SR)   Coul. recip.
    3.16234e+03    5.06082e+04    6.52048e+04   -6.67171e+05    1.98385e+03
 Position Rest.      Potential    Kinetic En.   Total Energy  Conserved En.
    1.21413e+03   -5.25908e+05    1.01110e+05   -4.24798e+05   -5.12243e+05
    Temperature Pressure (bar)   Constr. rmsd
    2.98390e+02    2.43957e+02    3.19516e-06


Energy conservation over simulation part #1 of length 100 ps, time 0 to 100 ps
  Conserved energy drift: 4.11e-04 kJ/mol/ps per atom


	<======  ###############  ==>
	<====  A V E R A G E S  ====>
	<==  ###############  ======>

	Statistics over 50001 steps using 501 frames

   Energies (kJ/mol)
           Bond            U-B    Proper Dih.  Improper Dih.      CMAP Dih.
    3.47296e+03    9.67829e+03    6.42968e+03    6.06297e+02   -1.53844e+03
          LJ-14     Coulomb-14        LJ (SR)   Coulomb (SR)   Coul. recip.
    3.21333e+03    5.07565e+04    6.57642e+04   -6.70074e+05    2.06756e+03
 Position Rest.      Potential    Kinetic En.   Total Energy  Conserved En.
    1.13434e+03   -5.28489e+05    1.00655e+05   -4.27834e+05   -5.12503e+05
    Temperature Pressure (bar)   Constr. rmsd
    2.97048e+02   -7.33009e+00    0.00000e+00

   Total Virial (kJ/mol)
    2.94830e+04   -2.40076e+02   -1.65387e+01
   -2.40360e+02    3.55329e+04   -1.14338e+02
   -1.66316e+01   -1.14357e+02    3.59039e+04

   Pressure (bar)
    3.36378e+02    1.88221e+01   -3.44275e-01
    1.88457e+01   -1.60604e+02    1.03894e+01
   -3.36557e-01    1.03910e+01   -1.97764e+02


	M E G A - F L O P S   A C C O U N T I N G

 NB=Group-cutoff nonbonded kernels    NxN=N-by-N cluster Verlet kernels
 RF=Reaction-Field  VdW=Van der Waals  QSTab=quadratic-spline table
 W3=SPC/TIP3p  W4=TIP4p (single or pairs)
 V&F=Potential and force  V=Potential only  F=Force only

 Computing:                               M-Number         M-Flops  % Flops
-----------------------------------------------------------------------------
 Pair Search distance check           13519.290952      121673.619     0.1
 NxN Ewald Elec. + LJ [F]            967657.430752    75477279.599    59.3
 NxN Ewald Elec. + LJ [V&F]            9793.780560     1263397.692     1.0
 NxN Ewald Elec. [F]                 746247.240064    45521081.644    35.8
 NxN Ewald Elec. [V&F]                 7553.024912      634454.093     0.5
 1,4 nonbonded interactions             579.061581       52115.542     0.0
 Calc Weights                          5940.118800      213844.277     0.2
 Spread Q Bspline                    126722.534400      253445.069     0.2
 Gather F Bspline                    126722.534400      760335.206     0.6
 3D-FFT                              305965.419186     2447723.353     1.9
 Solve PME                              156.803136       10035.401     0.0
 Reset In Box                            24.789600          74.369     0.0
 CG-CoM                                  24.829200          74.488     0.0
 Bonds                                  114.102282        6732.035     0.0
 Propers                                485.659713      111216.074     0.1
 Impropers                               36.850737        7664.953     0.0
 Pos. Restr.                            111.902238        5595.112     0.0
 Virial                                  19.862145         357.519     0.0
 Stop-CM                                 19.879200         198.792     0.0
 Calc-Ekin                               39.679200        1071.338     0.0
 Lincs                                  108.956537        6537.392     0.0
 Lincs-Mat                              552.033120        2208.132     0.0
 Constraint-V                          1973.428934       17760.860     0.0
 Constraint-Vir                          18.681288         448.351     0.0
 Settle                                 585.185109      216518.490     0.2
 CMAP                                    14.100282       23970.479     0.0
 Urey-Bradley                           401.358027       73448.519     0.1
-----------------------------------------------------------------------------
 Total                                               127229262.399   100.0
-----------------------------------------------------------------------------


    D O M A I N   D E C O M P O S I T I O N   S T A T I S T I C S

 av. #atoms communicated per step for force:  2 x 0.0


      R E A L   C Y C L E   A N D   T I M E   A C C O U N T I N G

On 1 MPI rank, each using 16 OpenMP threads

 Activity:              Num   Num      Call    Wall time         Giga-Cycles
                        Ranks Threads  Count      (s)         total sum    %
--------------------------------------------------------------------------------
 Domain decomp.            1   16        626       1.993        120.935   0.8
 Neighbor search           1   16        626       3.274        198.697   1.3
 Force                     1   16      50001     204.250      12394.795  78.5
 PME mesh                  1   16      50001      31.216       1894.297  12.0
 NB X/F buffer ops.        1   16      99376      13.332        809.062   5.1
 Write traj.               1   16          1       0.048          2.923   0.0
 Update                    1   16      50001       2.710        164.480   1.0
 Constraints               1   16      50003       3.017        183.075   1.2
 Rest                                              0.381         23.094   0.1
--------------------------------------------------------------------------------
 Total                                           260.221      15791.359 100.0
--------------------------------------------------------------------------------
 Breakdown of PME mesh activities
--------------------------------------------------------------------------------
 PME spread                1   16      50001      13.337        809.337   5.1
 PME gather                1   16      50001       8.321        504.942   3.2
 PME 3D-FFT                1   16     100002       8.635        524.039   3.3
 PME solve Elec            1   16      50001       0.572         34.721   0.2
--------------------------------------------------------------------------------

               Core t (s)   Wall t (s)        (%)
       Time:     4163.532      260.221     1600.0
                 (ns/day)    (hour/ns)
Performance:       33.203        0.723
Finished mdrun on rank 0 Tue Jun  4 22:25:42 2024

